# JRE version: OpenJDK Runtime Environment (21.0.5) (build 21.0.5+-13047016-b750.29)
# Java VM: OpenJDK 64-Bit Server VM (21.0.5+-13047016-b750.29, mixed mode, tiered, compressed oops, compressed class ptrs, g1 gc, windows-amd64)
GC Precious Log:
 CardTable entry size: 512
 Card Set container configuration: InlinePtr #cards 5 size 8 Array Of Cards #cards 12 size 40 Howl #buckets 4 coarsen threshold 1843 Howl Bitmap #cards 512 size 80 coarsen threshold 460 Card regions per heap region 1 cards per card region 2048
 CPUs: 8 total, 8 available
 Memory: 16082M
 Large Page Support: Disabled
 NUMA Support: Disabled
 Compressed Oops: Enabled (32-bit)
 Heap Region Size: 1M
 Heap Min Capacity: 8M
 Heap Initial Capacity: 252M
 Heap Max Capacity: 2G
 Pre-touch: Disabled
 Parallel Workers: 8
 Concurrent Workers: 2
 Concurrent Refinement Workers: 8
 Periodic GC: Disabled
Heap:
 garbage-first heap   total 409600K, used 207549K [0x0000000080000000, 0x0000000100000000)
  region size 1024K, 58 young (59392K), 18 survivors (18432K)
 Metaspace       used 154943K, committed 157312K, reserved 1245184K
  class space    used 20444K, committed 21632K, reserved 1048576K
GC Heap History (20 events):
Event: 261.546 GC heap before
{Heap before GC invocations=155 (full 0):
 garbage-first heap   total 409600K, used 377081K [0x0000000080000000, 0x0000000100000000)
  region size 1024K, 214 young (219136K), 11 survivors (11264K)
 Metaspace       used 154842K, committed 157184K, reserved 1245184K
  class space    used 20435K, committed 21632K, reserved 1048576K
}
Event: 261.558 GC heap after
{Heap after GC invocations=156 (full 0):
 garbage-first heap   total 409600K, used 168280K [0x0000000080000000, 0x0000000100000000)
  region size 1024K, 10 young (10240K), 10 survivors (10240K)
 Metaspace       used 154842K, committed 157184K, reserved 1245184K
  class space    used 20435K, committed 21632K, reserved 1048576K
}
Event: 263.694 GC heap before
{Heap before GC invocations=157 (full 0):
 garbage-first heap   total 409600K, used 379224K [0x0000000080000000, 0x0000000100000000)
  region size 1024K, 215 young (220160K), 10 survivors (10240K)
 Metaspace       used 154858K, committed 157184K, reserved 1245184K
  class space    used 20435K, committed 21632K, reserved 1048576K
}
Event: 263.708 GC heap after
{Heap after GC invocations=158 (full 0):
 garbage-first heap   total 409600K, used 171331K [0x0000000080000000, 0x0000000100000000)
  region size 1024K, 13 young (13312K), 13 survivors (13312K)
 Metaspace       used 154858K, committed 157184K, reserved 1245184K
  class space    used 20435K, committed 21632K, reserved 1048576K
}
Event: 264.514 GC heap before
{Heap before GC invocations=158 (full 0):
 garbage-first heap   total 409600K, used 375107K [0x0000000080000000, 0x0000000100000000)
  region size 1024K, 212 young (217088K), 13 survivors (13312K)
 Metaspace       used 154864K, committed 157184K, reserved 1245184K
  class space    used 20435K, committed 21632K, reserved 1048576K
}
Event: 264.534 GC heap after
{Heap after GC invocations=159 (full 0):
 garbage-first heap   total 409600K, used 167039K [0x0000000080000000, 0x0000000100000000)
  region size 1024K, 15 young (15360K), 15 survivors (15360K)
 Metaspace       used 154864K, committed 157184K, reserved 1245184K
  class space    used 20435K, committed 21632K, reserved 1048576K
}
Event: 265.294 GC heap before
{Heap before GC invocations=159 (full 0):
 garbage-first heap   total 409600K, used 371839K [0x0000000080000000, 0x0000000100000000)
  region size 1024K, 216 young (221184K), 15 survivors (15360K)
 Metaspace       used 154867K, committed 157184K, reserved 1245184K
  class space    used 20435K, committed 21632K, reserved 1048576K
}
Event: 265.310 GC heap after
{Heap after GC invocations=160 (full 0):
 garbage-first heap   total 409600K, used 166366K [0x0000000080000000, 0x0000000100000000)
  region size 1024K, 14 young (14336K), 14 survivors (14336K)
 Metaspace       used 154867K, committed 157184K, reserved 1245184K
  class space    used 20435K, committed 21632K, reserved 1048576K
}
Event: 265.968 GC heap before
{Heap before GC invocations=161 (full 0):
 garbage-first heap   total 409600K, used 373214K [0x0000000080000000, 0x0000000100000000)
  region size 1024K, 217 young (222208K), 14 survivors (14336K)
 Metaspace       used 154870K, committed 157184K, reserved 1245184K
  class space    used 20435K, committed 21632K, reserved 1048576K
}
Event: 265.983 GC heap after
{Heap after GC invocations=162 (full 0):
 garbage-first heap   total 409600K, used 164322K [0x0000000080000000, 0x0000000100000000)
  region size 1024K, 12 young (12288K), 12 survivors (12288K)
 Metaspace       used 154870K, committed 157184K, reserved 1245184K
  class space    used 20435K, committed 21632K, reserved 1048576K
}
Event: 267.183 GC heap before
{Heap before GC invocations=162 (full 0):
 garbage-first heap   total 409600K, used 381410K [0x0000000080000000, 0x0000000100000000)
  region size 1024K, 219 young (224256K), 12 survivors (12288K)
 Metaspace       used 154924K, committed 157248K, reserved 1245184K
  class space    used 20443K, committed 21632K, reserved 1048576K
}
Event: 267.211 GC heap after
{Heap after GC invocations=163 (full 0):
 garbage-first heap   total 409600K, used 160099K [0x0000000080000000, 0x0000000100000000)
  region size 1024K, 13 young (13312K), 13 survivors (13312K)
 Metaspace       used 154924K, committed 157248K, reserved 1245184K
  class space    used 20443K, committed 21632K, reserved 1048576K
}
Event: 268.994 GC heap before
{Heap before GC invocations=163 (full 0):
 garbage-first heap   total 409600K, used 374115K [0x0000000080000000, 0x0000000100000000)
  region size 1024K, 222 young (227328K), 13 survivors (13312K)
 Metaspace       used 154931K, committed 157248K, reserved 1245184K
  class space    used 20443K, committed 21632K, reserved 1048576K
}
Event: 269.006 GC heap after
{Heap after GC invocations=164 (full 0):
 garbage-first heap   total 409600K, used 159638K [0x0000000080000000, 0x0000000100000000)
  region size 1024K, 12 young (12288K), 12 survivors (12288K)
 Metaspace       used 154931K, committed 157248K, reserved 1245184K
  class space    used 20443K, committed 21632K, reserved 1048576K
}
Event: 269.778 GC heap before
{Heap before GC invocations=165 (full 0):
 garbage-first heap   total 409600K, used 375702K [0x0000000080000000, 0x0000000100000000)
  region size 1024K, 223 young (228352K), 12 survivors (12288K)
 Metaspace       used 154933K, committed 157248K, reserved 1245184K
  class space    used 20443K, committed 21632K, reserved 1048576K
}
Event: 269.793 GC heap after
{Heap after GC invocations=166 (full 0):
 garbage-first heap   total 409600K, used 160381K [0x0000000080000000, 0x0000000100000000)
  region size 1024K, 13 young (13312K), 13 survivors (13312K)
 Metaspace       used 154933K, committed 157248K, reserved 1245184K
  class space    used 20443K, committed 21632K, reserved 1048576K
}
Event: 271.184 GC heap before
{Heap before GC invocations=166 (full 0):
 garbage-first heap   total 409600K, used 374397K [0x0000000080000000, 0x0000000100000000)
  region size 1024K, 222 young (227328K), 13 survivors (13312K)
 Metaspace       used 154938K, committed 157312K, reserved 1245184K
  class space    used 20444K, committed 21632K, reserved 1048576K
}
Event: 271.211 GC heap after
{Heap after GC invocations=167 (full 0):
 garbage-first heap   total 409600K, used 160473K [0x0000000080000000, 0x0000000100000000)
  region size 1024K, 18 young (18432K), 18 survivors (18432K)
 Metaspace       used 154938K, committed 157312K, reserved 1245184K
  class space    used 20444K, committed 21632K, reserved 1048576K
}
Event: 271.582 GC heap before
{Heap before GC invocations=167 (full 0):
 garbage-first heap   total 409600K, used 212697K [0x0000000080000000, 0x0000000100000000)
  region size 1024K, 70 young (71680K), 18 survivors (18432K)
 Metaspace       used 154939K, committed 157312K, reserved 1245184K
  class space    used 20444K, committed 21632K, reserved 1048576K
}
Event: 271.608 GC heap after
{Heap after GC invocations=168 (full 0):
 garbage-first heap   total 409600K, used 166589K [0x0000000080000000, 0x0000000100000000)
  region size 1024K, 18 young (18432K), 18 survivors (18432K)
 Metaspace       used 154939K, committed 157312K, reserved 1245184K
  class space    used 20444K, committed 21632K, reserved 1048576K
}

